<?xml version="1.0" encoding="UTF-8"?>
<!-- Generated by org.testng.reporters.JUnitXMLReporter -->
<testsuite hostname="DESKTOP-22O4Q4A" ignored="0" name="Test" tests="4" failures="3" timestamp="12 Aug 2021 14:21:54 GMT" time="14.428" errors="0">
  <testcase name="Test2" time="0.0" classname="org.cts.test.prog.Facebook_Login_Data"/>
  <testcase name="test" time="1.491" classname="org.cts.test.prog.Facebook_Login_Data">
    <failure type="java.lang.AssertionError" message="The following asserts failed:
	Verify the Username expected [] but found [ThiyagarajaN],
	verify the password expected [] but found [9876543210]">
      <![CDATA[java.lang.AssertionError: The following asserts failed:
Verify the Username expected [] but found [ThiyagarajaN],
verify the password expected [] but found [9876543210]
at org.cts.test.prog.Facebook_Login_Data.test(Facebook_Login_Data.java:64)
... Removed 26 stack frames]]>
    </failure>
  </testcase> <!-- test -->
  <testcase name="test" time="1.171" classname="org.cts.test.prog.Facebook_Login_Data">
    <failure type="java.lang.AssertionError" message="The following asserts failed:
	Verify the Username expected [] but found [ThiyagarajaN],
	verify the password expected [] but found [9876543210]">
      <![CDATA[java.lang.AssertionError: The following asserts failed:
Verify the Username expected [] but found [ThiyagarajaN],
verify the password expected [] but found [9876543210]
at org.cts.test.prog.Facebook_Login_Data.test(Facebook_Login_Data.java:64)
... Removed 26 stack frames]]>
    </failure>
  </testcase> <!-- test -->
  <testcase name="test" time="1.103" classname="org.cts.test.prog.Facebook_Login_Data">
    <failure type="java.lang.AssertionError" message="The following asserts failed:
	Verify the Username expected [] but found [ThiyagarajaN],
	verify the password expected [] but found [9876543210]">
      <![CDATA[java.lang.AssertionError: The following asserts failed:
Verify the Username expected [] but found [ThiyagarajaN],
verify the password expected [] but found [9876543210]
at org.cts.test.prog.Facebook_Login_Data.test(Facebook_Login_Data.java:64)
... Removed 26 stack frames]]>
    </failure>
  </testcase> <!-- test -->
</testsuite> <!-- Test -->
